{"numTotalTestSuites":57,"numPassedTestSuites":57,"numFailedTestSuites":0,"numPendingTestSuites":0,"numTotalTests":242,"numPassedTests":242,"numFailedTests":0,"numPendingTests":0,"numTodoTests":0,"snapshot":{"added":0,"failure":false,"filesAdded":0,"filesRemoved":0,"filesRemovedList":[],"filesUnmatched":0,"filesUpdated":0,"matched":0,"total":0,"unchecked":0,"uncheckedKeysByFile":[],"unmatched":0,"updated":0,"didUpdate":false},"startTime":1770012195617,"success":true,"testResults":[{"assertionResults":[{"ancestorTitles":["SimulationEngine Baseline Comparison"],"fullName":"SimulationEngine Baseline Comparison should return a valid baseline (same as average) when Roth is disabled","status":"passed","title":"should return a valid baseline (same as average) when Roth is disabled","duration":7.214799999999741,"failureMessages":[],"meta":{}},{"ancestorTitles":["SimulationEngine Baseline Comparison"],"fullName":"SimulationEngine Baseline Comparison should return a valid baseline projection when Roth is enabled","status":"passed","title":"should return a valid baseline projection when Roth is enabled","duration":3.8634000000001834,"failureMessages":[],"meta":{}},{"ancestorTitles":["SimulationEngine Baseline Comparison"],"fullName":"SimulationEngine Baseline Comparison should ensure baseline ignores Roth settings even if enabled in main config","status":"passed","title":"should ensure baseline ignores Roth settings even if enabled in main config","duration":3.740799999999581,"failureMessages":[],"meta":{}}],"startTime":1770012252156,"endTime":1770012252171.7407,"status":"passed","message":"","name":"Z:/RetirementCalc-BasedOfBoldin/tests/unit/BaselineComparison.test.js"},{"assertionResults":[{"ancestorTitles":["Build Validation","HTML Partials Integrity"],"fullName":"Build Validation HTML Partials Integrity should not have closing body/html tags in partials","status":"passed","title":"should not have closing body/html tags in partials","duration":115.77739999999903,"failureMessages":[],"meta":{}},{"ancestorTitles":["Build Validation","HTML Partials Integrity"],"fullName":"Build Validation HTML Partials Integrity should not have duplicate script tags in partials","status":"passed","title":"should not have duplicate script tags in partials","duration":2.2300000000032014,"failureMessages":[],"meta":{}},{"ancestorTitles":["Build Validation","HTML Partials Integrity"],"fullName":"Build Validation HTML Partials Integrity should not have DOCTYPE in partials","status":"passed","title":"should not have DOCTYPE in partials","duration":5.301799999993818,"failureMessages":[],"meta":{}},{"ancestorTitles":["Build Validation","HTML Partials Integrity"],"fullName":"Build Validation HTML Partials Integrity should not have wrapper dashboard-grid div in charts-grid.html","status":"passed","title":"should not have wrapper dashboard-grid div in charts-grid.html","duration":2.1851999999998952,"failureMessages":[],"meta":{}},{"ancestorTitles":["Build Validation","Main index.html Structure"],"fullName":"Build Validation Main index.html Structure should have exactly one script tag for main.js","status":"passed","title":"should have exactly one script tag for main.js","duration":11.225800000000163,"failureMessages":[],"meta":{}},{"ancestorTitles":["Build Validation","Main index.html Structure"],"fullName":"Build Validation Main index.html Structure should have script tag after all load tags","status":"passed","title":"should have script tag after all load tags","duration":1.772900000003574,"failureMessages":[],"meta":{}},{"ancestorTitles":["Build Validation","Main index.html Structure"],"fullName":"Build Validation Main index.html Structure should have exactly one closing body tag","status":"passed","title":"should have exactly one closing body tag","duration":1.0164000000004307,"failureMessages":[],"meta":{}},{"ancestorTitles":["Build Validation","Main index.html Structure"],"fullName":"Build Validation Main index.html Structure should have exactly one closing html tag","status":"passed","title":"should have exactly one closing html tag","duration":0.9969999999957508,"failureMessages":[],"meta":{}},{"ancestorTitles":["Build Validation","Built Output Validation"],"fullName":"Build Validation Built Output Validation should have script tag in built index.html","status":"passed","title":"should have script tag in built index.html","duration":52.278299999998126,"failureMessages":[],"meta":{}},{"ancestorTitles":["Build Validation","Built Output Validation"],"fullName":"Build Validation Built Output Validation should have only one closing body tag in built output","status":"passed","title":"should have only one closing body tag in built output","duration":1.6751000000003842,"failureMessages":[],"meta":{}},{"ancestorTitles":["Build Validation","Built Output Validation"],"fullName":"Build Validation Built Output Validation should have only one closing html tag in built output","status":"passed","title":"should have only one closing html tag in built output","duration":1.6996000000071945,"failureMessages":[],"meta":{}},{"ancestorTitles":["Build Validation","Built Output Validation"],"fullName":"Build Validation Built Output Validation should be larger than 100KB (confirms partials were injected)","status":"passed","title":"should be larger than 100KB (confirms partials were injected)","duration":1.7192999999970198,"failureMessages":[],"meta":{}}],"startTime":1770012239036,"endTime":1770012239235.7192,"status":"passed","message":"","name":"Z:/RetirementCalc-BasedOfBoldin/tests/unit/build-validation.test.js"},{"assertionResults":[{"ancestorTitles":["Simulation Engine Consistency"],"fullName":"Simulation Engine Consistency should produce identical results when volatility is 0 and inflation is matched","status":"passed","title":"should produce identical results when volatility is 0 and inflation is matched","duration":7.829799999999523,"failureMessages":[],"meta":{}},{"ancestorTitles":["Simulation Engine Consistency"],"fullName":"Simulation Engine Consistency should match baseline when Roth conversions disabled","status":"passed","title":"should match baseline when Roth conversions disabled","duration":1.727100000000064,"failureMessages":[],"meta":{}}],"startTime":1770012252161,"endTime":1770012252170.727,"status":"passed","message":"","name":"Z:/RetirementCalc-BasedOfBoldin/tests/unit/Consistency.test.js"},{"assertionResults":[{"ancestorTitles":["Application Logic Diagnostics"],"fullName":"Application Logic Diagnostics should have a working SimulationEngine","status":"passed","title":"should have a working SimulationEngine","duration":9.502999999996973,"failureMessages":[],"meta":{}},{"ancestorTitles":["Application Logic Diagnostics"],"fullName":"Application Logic Diagnostics should have working Monte Carlo logic","status":"passed","title":"should have working Monte Carlo logic","duration":20.868999999998778,"failureMessages":[],"meta":{}},{"ancestorTitles":["Application Logic Diagnostics"],"fullName":"Application Logic Diagnostics should have a valid config structure","status":"passed","title":"should have a valid config structure","duration":0.4973000000027241,"failureMessages":[],"meta":{}}],"startTime":1770012239440,"endTime":1770012239470.4973,"status":"passed","message":"","name":"Z:/RetirementCalc-BasedOfBoldin/tests/unit/Diagnostic.test.js"},{"assertionResults":[{"ancestorTitles":["Formatters","formatCurrency"],"fullName":"Formatters formatCurrency should format zero","status":"passed","title":"should format zero","duration":21.359400000001187,"failureMessages":[],"meta":{}},{"ancestorTitles":["Formatters","formatCurrency"],"fullName":"Formatters formatCurrency should format millions (short)","status":"passed","title":"should format millions (short)","duration":0.5158999999985099,"failureMessages":[],"meta":{}},{"ancestorTitles":["Formatters","formatCurrency"],"fullName":"Formatters formatCurrency should format thousands (short)","status":"passed","title":"should format thousands (short)","duration":0.42369999999937136,"failureMessages":[],"meta":{}},{"ancestorTitles":["Formatters","formatCurrency"],"fullName":"Formatters formatCurrency should format full values when short=false","status":"passed","title":"should format full values when short=false","duration":1.1811999999990803,"failureMessages":[],"meta":{}},{"ancestorTitles":["Formatters","formatPercent"],"fullName":"Formatters formatPercent should format decimal to percent","status":"passed","title":"should format decimal to percent","duration":0.5899999999965075,"failureMessages":[],"meta":{}}],"startTime":1770012239350,"endTime":1770012239375.59,"status":"passed","message":"","name":"Z:/RetirementCalc-BasedOfBoldin/tests/unit/Formatters.test.js"},{"assertionResults":[{"ancestorTitles":["Housing Downsize Logic"],"fullName":"Housing Downsize Logic should calculate correct net flow during downsizing (Story B)","status":"passed","title":"should calculate correct net flow during downsizing (Story B)","duration":4.857300000001487,"failureMessages":[],"meta":{}},{"ancestorTitles":["Housing Downsize Logic"],"fullName":"Housing Downsize Logic should handle downsizing with partial new mortgage","status":"passed","title":"should handle downsizing with partial new mortgage","duration":0.9320999999999913,"failureMessages":[],"meta":{}}],"startTime":1770012252183,"endTime":1770012252188.9321,"status":"passed","message":"","name":"Z:/RetirementCalc-BasedOfBoldin/tests/unit/HousingDownsize.test.js"},{"assertionResults":[{"ancestorTitles":["Integration: SimulationEngine + TaxCalculator"],"fullName":"Integration: SimulationEngine + TaxCalculator should calculate taxes correctly for working years","status":"passed","title":"should calculate taxes correctly for working years","duration":3.6019000000014785,"failureMessages":[],"meta":{}},{"ancestorTitles":["Integration: SimulationEngine + TaxCalculator"],"fullName":"Integration: SimulationEngine + TaxCalculator should handle retirement year transition correctly","status":"passed","title":"should handle retirement year transition correctly","duration":1.051899999998568,"failureMessages":[],"meta":{}},{"ancestorTitles":["Integration: SimulationEngine + TaxCalculator"],"fullName":"Integration: SimulationEngine + TaxCalculator should maintain positive net worth with sufficient assets","status":"passed","title":"should maintain positive net worth with sufficient assets","duration":0.9852000000028056,"failureMessages":[],"meta":{}},{"ancestorTitles":["Integration: SimulationEngine + TaxCalculator"],"fullName":"Integration: SimulationEngine + TaxCalculator should track all account balances correctly","status":"passed","title":"should track all account balances correctly","duration":2.3496999999988475,"failureMessages":[],"meta":{}},{"ancestorTitles":["Integration: SimulationEngine + TaxCalculator"],"fullName":"Integration: SimulationEngine + TaxCalculator should calculate net worth as sum of all accounts","status":"passed","title":"should calculate net worth as sum of all accounts","duration":1.076099999998405,"failureMessages":[],"meta":{}},{"ancestorTitles":["Integration: SimulationEngine + TaxCalculator"],"fullName":"Integration: SimulationEngine + TaxCalculator should calculate Monte Carlo success rate","status":"passed","title":"should calculate Monte Carlo success rate","duration":25.43239999999787,"failureMessages":[],"meta":{}},{"ancestorTitles":["Integration: Tax Calculations Across Scenarios"],"fullName":"Integration: Tax Calculations Across Scenarios should calculate different tax amounts for different filing statuses","status":"passed","title":"should calculate different tax amounts for different filing statuses","duration":0.22600000000238651,"failureMessages":[],"meta":{}},{"ancestorTitles":["Integration: Tax Calculations Across Scenarios"],"fullName":"Integration: Tax Calculations Across Scenarios should calculate FICA correctly for different income levels","status":"passed","title":"should calculate FICA correctly for different income levels","duration":0.13769999999931315,"failureMessages":[],"meta":{}},{"ancestorTitles":["Integration: Tax Calculations Across Scenarios"],"fullName":"Integration: Tax Calculations Across Scenarios should handle state taxes correctly","status":"passed","title":"should handle state taxes correctly","duration":0.25789999999688007,"failureMessages":[],"meta":{}}],"startTime":1770012239111,"endTime":1770012239146.2578,"status":"passed","message":"","name":"Z:/RetirementCalc-BasedOfBoldin/tests/unit/Integration.test.js"},{"assertionResults":[{"ancestorTitles":["Monte Carlo Logic"],"fullName":"Monte Carlo Logic should generate valid statistical results","status":"passed","title":"should generate valid statistical results","duration":37.235899999999674,"failureMessages":[],"meta":{}},{"ancestorTitles":["Monte Carlo Logic"],"fullName":"Monte Carlo Logic should handle zero iterations gracefully or throw descriptive error","status":"passed","title":"should handle zero iterations gracefully or throw descriptive error","duration":0.7214999999996508,"failureMessages":[],"meta":{}},{"ancestorTitles":["Monte Carlo Logic"],"fullName":"Monte Carlo Logic should respond to spending multiplier","status":"passed","title":"should respond to spending multiplier","duration":23.31710000000021,"failureMessages":[],"meta":{}},{"ancestorTitles":["Monte Carlo Logic"],"fullName":"Monte Carlo Logic should support historical scenarios","status":"passed","title":"should support historical scenarios","duration":1.4716000000044005,"failureMessages":[],"meta":{}}],"startTime":1770012239439,"endTime":1770012239502.4717,"status":"passed","message":"","name":"Z:/RetirementCalc-BasedOfBoldin/tests/unit/MonteCarlo.test.js"},{"assertionResults":[{"ancestorTitles":["NaN Regression Debug"],"fullName":"NaN Regression Debug should identify where NaN is introduced in project()","status":"passed","title":"should identify where NaN is introduced in project()","duration":5.810300000001007,"failureMessages":[],"meta":{}}],"startTime":1770012251854,"endTime":1770012251859.8103,"status":"passed","message":"","name":"Z:/RetirementCalc-BasedOfBoldin/tests/unit/NaNDebug.test.js"},{"assertionResults":[{"ancestorTitles":["NaN Safety"],"fullName":"NaN Safety should handle minimal config without NaN","status":"passed","title":"should handle minimal config without NaN","duration":5.509799999999814,"failureMessages":[],"meta":{}},{"ancestorTitles":["NaN Safety"],"fullName":"NaN Safety should handle missing nested properties gracefully","status":"passed","title":"should handle missing nested properties gracefully","duration":1.0904000000009546,"failureMessages":[],"meta":{}},{"ancestorTitles":["NaN Safety"],"fullName":"NaN Safety should not produce NaN with extreme inputs","status":"passed","title":"should not produce NaN with extreme inputs","duration":0.5143000000007305,"failureMessages":[],"meta":{}}],"startTime":1770012252246,"endTime":1770012252252.5144,"status":"passed","message":"","name":"Z:/RetirementCalc-BasedOfBoldin/tests/unit/NaNSafety.test.js"},{"assertionResults":[{"ancestorTitles":["Performance Benchmarks"],"fullName":"Performance Benchmarks should complete 1000 Monte Carlo iterations in under 3 seconds","status":"passed","title":"should complete 1000 Monte Carlo iterations in under 3 seconds","duration":160.08610000000044,"failureMessages":[],"meta":{}},{"ancestorTitles":["Performance Benchmarks"],"fullName":"Performance Benchmarks should complete single projection in under 50ms","status":"passed","title":"should complete single projection in under 50ms","duration":1.2466000000058557,"failureMessages":[],"meta":{}}],"startTime":1770012239109,"endTime":1770012239270.2466,"status":"passed","message":"","name":"Z:/RetirementCalc-BasedOfBoldin/tests/unit/Performance.test.js"},{"assertionResults":[{"ancestorTitles":["RothConfig","calculateBracketAmount"],"fullName":"RothConfig calculateBracketAmount should calculate available room in 12% bracket for joint filers","status":"passed","title":"should calculate available room in 12% bracket for joint filers","duration":2.427000000003318,"failureMessages":[],"meta":{}},{"ancestorTitles":["RothConfig","calculateBracketAmount"],"fullName":"RothConfig calculateBracketAmount should calculate available room in 22% bracket for single filers","status":"passed","title":"should calculate available room in 22% bracket for single filers","duration":0.5269000000043889,"failureMessages":[],"meta":{}},{"ancestorTitles":["RothConfig","calculateBracketAmount"],"fullName":"RothConfig calculateBracketAmount should return 0 if income exceeds bracket limit","status":"passed","title":"should return 0 if income exceeds bracket limit","duration":0.5064999999958673,"failureMessages":[],"meta":{}},{"ancestorTitles":["RothConfig","calculateBracketAmount"],"fullName":"RothConfig calculateBracketAmount should apply cap when maxAnnualCap is set","status":"passed","title":"should apply cap when maxAnnualCap is set","duration":0.700700000001234,"failureMessages":[],"meta":{}},{"ancestorTitles":["RothConfig","calculateBracketAmount"],"fullName":"RothConfig calculateBracketAmount should handle invalid bracket gracefully","status":"passed","title":"should handle invalid bracket gracefully","duration":0.5296999999991385,"failureMessages":[],"meta":{}},{"ancestorTitles":["RothConfig","validateConversionAmount"],"fullName":"RothConfig validateConversionAmount should return amount if valid","status":"passed","title":"should return amount if valid","duration":0.32340000000112923,"failureMessages":[],"meta":{}},{"ancestorTitles":["RothConfig","validateConversionAmount"],"fullName":"RothConfig validateConversionAmount should return 0 for negative amounts","status":"passed","title":"should return 0 for negative amounts","duration":0.2275999999983469,"failureMessages":[],"meta":{}},{"ancestorTitles":["RothConfig","validateConversionAmount"],"fullName":"RothConfig validateConversionAmount should cap at retirement balance","status":"passed","title":"should cap at retirement balance","duration":0.17109999999956926,"failureMessages":[],"meta":{}},{"ancestorTitles":["RothConfig","validateConversionAmount"],"fullName":"RothConfig validateConversionAmount should handle zero balance","status":"passed","title":"should handle zero balance","duration":0.4467000000004191,"failureMessages":[],"meta":{}},{"ancestorTitles":["RothConfig","getStrategyDescription"],"fullName":"RothConfig getStrategyDescription should describe manual strategy","status":"passed","title":"should describe manual strategy","duration":23.848799999999756,"failureMessages":[],"meta":{}},{"ancestorTitles":["RothConfig","getStrategyDescription"],"fullName":"RothConfig getStrategyDescription should describe bracket strategy","status":"passed","title":"should describe bracket strategy","duration":0.4442999999955646,"failureMessages":[],"meta":{}},{"ancestorTitles":["RothConfig","getStrategyDescription"],"fullName":"RothConfig getStrategyDescription should describe hybrid strategy","status":"passed","title":"should describe hybrid strategy","duration":0.41089999999530846,"failureMessages":[],"meta":{}},{"ancestorTitles":["RothCalculator","calculateYearlyConversion"],"fullName":"RothCalculator calculateYearlyConversion should return 0 if conversions disabled","status":"passed","title":"should return 0 if conversions disabled","duration":0.38119999999616994,"failureMessages":[],"meta":{}},{"ancestorTitles":["RothCalculator","calculateYearlyConversion"],"fullName":"RothCalculator calculateYearlyConversion should return 0 if year is before start year","status":"passed","title":"should return 0 if year is before start year","duration":0.10879999999451684,"failureMessages":[],"meta":{}},{"ancestorTitles":["RothCalculator","calculateYearlyConversion"],"fullName":"RothCalculator calculateYearlyConversion should return 0 if year is after end year","status":"passed","title":"should return 0 if year is after end year","duration":0.08170000000245636,"failureMessages":[],"meta":{}},{"ancestorTitles":["RothCalculator","calculateYearlyConversion"],"fullName":"RothCalculator calculateYearlyConversion should return 0 if retirement balance is 0","status":"passed","title":"should return 0 if retirement balance is 0","duration":0.19560000000637956,"failureMessages":[],"meta":{}},{"ancestorTitles":["RothCalculator","calculateYearlyConversion"],"fullName":"RothCalculator calculateYearlyConversion should return manual amount in manual mode","status":"passed","title":"should return manual amount in manual mode","duration":0.11009999999805586,"failureMessages":[],"meta":{}},{"ancestorTitles":["RothCalculator","calculateYearlyConversion"],"fullName":"RothCalculator calculateYearlyConversion should calculate bracket amount in bracket mode","status":"passed","title":"should calculate bracket amount in bracket mode","duration":0.12619999999878928,"failureMessages":[],"meta":{}},{"ancestorTitles":["RothCalculator","calculateYearlyConversion"],"fullName":"RothCalculator calculateYearlyConversion should cap at retirement balance","status":"passed","title":"should cap at retirement balance","duration":0.12170000000332948,"failureMessages":[],"meta":{}},{"ancestorTitles":["RothCalculator","calculateYearlyConversion"],"fullName":"RothCalculator calculateYearlyConversion should apply hybrid cap correctly","status":"passed","title":"should apply hybrid cap correctly","duration":0.1481999999959953,"failureMessages":[],"meta":{}},{"ancestorTitles":["RothCalculator","calculateLifetimeConversions"],"fullName":"RothCalculator calculateLifetimeConversions should calculate total and years correctly","status":"passed","title":"should calculate total and years correctly","duration":0.3845999999975902,"failureMessages":[],"meta":{}},{"ancestorTitles":["RothCalculator","calculateLifetimeConversions"],"fullName":"RothCalculator calculateLifetimeConversions should handle all zeros","status":"passed","title":"should handle all zeros","duration":0.3338999999978114,"failureMessages":[],"meta":{}},{"ancestorTitles":["RothCalculator","calculateTaxImpact"],"fullName":"RothCalculator calculateTaxImpact should calculate tax for joint filers in 12% bracket","status":"passed","title":"should calculate tax for joint filers in 12% bracket","duration":1.0014000000010128,"failureMessages":[],"meta":{}},{"ancestorTitles":["RothCalculator","calculateTaxImpact"],"fullName":"RothCalculator calculateTaxImpact should calculate higher tax for higher income","status":"passed","title":"should calculate higher tax for higher income","duration":0.3421999999991385,"failureMessages":[],"meta":{}},{"ancestorTitles":["RothCalculator","calculateTaxImpact"],"fullName":"RothCalculator calculateTaxImpact should calculate different tax for single vs joint","status":"passed","title":"should calculate different tax for single vs joint","duration":0.40010000000620494,"failureMessages":[],"meta":{}},{"ancestorTitles":["RothCalculator","calculateTaxImpact"],"fullName":"RothCalculator calculateTaxImpact should return 0 for zero income","status":"passed","title":"should return 0 for zero income","duration":0.42850000000180444,"failureMessages":[],"meta":{}},{"ancestorTitles":["RothCalculator","calculateEffectiveRate"],"fullName":"RothCalculator calculateEffectiveRate should calculate effective rate correctly","status":"passed","title":"should calculate effective rate correctly","duration":0.39699999999720603,"failureMessages":[],"meta":{}},{"ancestorTitles":["RothCalculator","calculateEffectiveRate"],"fullName":"RothCalculator calculateEffectiveRate should return 0 for zero income","status":"passed","title":"should return 0 for zero income","duration":0.26520000000164146,"failureMessages":[],"meta":{}},{"ancestorTitles":["RothCalculator","calculateEffectiveRate"],"fullName":"RothCalculator calculateEffectiveRate should handle high tax scenarios","status":"passed","title":"should handle high tax scenarios","duration":0.26640000000043074,"failureMessages":[],"meta":{}},{"ancestorTitles":["RothCalculator","calculateLegacyImpact"],"fullName":"RothCalculator calculateLegacyImpact should calculate growth correctly","status":"passed","title":"should calculate growth correctly","duration":0.5050000000046566,"failureMessages":[],"meta":{}},{"ancestorTitles":["RothCalculator","calculateLegacyImpact"],"fullName":"RothCalculator calculateLegacyImpact should return original amount for 0 years","status":"passed","title":"should return original amount for 0 years","duration":0.32250000000203727,"failureMessages":[],"meta":{}},{"ancestorTitles":["RothCalculator","calculateLegacyImpact"],"fullName":"RothCalculator calculateLegacyImpact should handle different return rates","status":"passed","title":"should handle different return rates","duration":0.21220000000175787,"failureMessages":[],"meta":{}},{"ancestorTitles":["RothCalculator","optimizeStrategy"],"fullName":"RothCalculator optimizeStrategy should return optimized amounts for each year","status":"passed","title":"should return optimized amounts for each year","duration":2.355299999995623,"failureMessages":[],"meta":{}},{"ancestorTitles":["RothCalculator","optimizeStrategy"],"fullName":"RothCalculator optimizeStrategy should respect balance constraints","status":"passed","title":"should respect balance constraints","duration":0.323499999998603,"failureMessages":[],"meta":{}},{"ancestorTitles":["Integration: Roth Module"],"fullName":"Integration: Roth Module should work end-to-end for manual strategy","status":"passed","title":"should work end-to-end for manual strategy","duration":0.39930000000458676,"failureMessages":[],"meta":{}},{"ancestorTitles":["Integration: Roth Module"],"fullName":"Integration: Roth Module should work end-to-end for bracket strategy","status":"passed","title":"should work end-to-end for bracket strategy","duration":0.26239999999961583,"failureMessages":[],"meta":{}},{"ancestorTitles":["Integration: Roth Module"],"fullName":"Integration: Roth Module should handle disabled conversions","status":"passed","title":"should handle disabled conversions","duration":0.12150000000110595,"failureMessages":[],"meta":{}}],"startTime":1770012239260,"endTime":1770012239302.3994,"status":"passed","message":"","name":"Z:/RetirementCalc-BasedOfBoldin/tests/unit/roth.test.js"},{"assertionResults":[{"ancestorTitles":["RothOptimizer Head of Household Support"],"fullName":"RothOptimizer Head of Household Support should calculate non-zero conversions for Head of Household filing status","status":"passed","title":"should calculate non-zero conversions for Head of Household filing status","duration":3.3125,"failureMessages":[],"meta":{}},{"ancestorTitles":["RothOptimizer Head of Household Support"],"fullName":"RothOptimizer Head of Household Support should calculate different amounts for HoH vs Single vs Joint","status":"passed","title":"should calculate different amounts for HoH vs Single vs Joint","duration":1.5278999999991356,"failureMessages":[],"meta":{}}],"startTime":1770012252119,"endTime":1770012252123.5278,"status":"passed","message":"","name":"Z:/RetirementCalc-BasedOfBoldin/tests/unit/RothHoH.test.js"},{"assertionResults":[{"ancestorTitles":["RothOptimizer"],"fullName":"RothOptimizer should optimize correctly for a valid tax bracket (22%)","status":"passed","title":"should optimize correctly for a valid tax bracket (22%)","duration":2.7867999999998574,"failureMessages":[],"meta":{}},{"ancestorTitles":["RothOptimizer"],"fullName":"RothOptimizer should optimize correctly for a higher tax bracket (24%)","status":"passed","title":"should optimize correctly for a higher tax bracket (24%)","duration":1.882499999999709,"failureMessages":[],"meta":{}},{"ancestorTitles":["RothOptimizer"],"fullName":"RothOptimizer should snap invalid legacy brackets (e.g., 25%) to nearest valid bracket (24%)","status":"passed","title":"should snap invalid legacy brackets (e.g., 25%) to nearest valid bracket (24%)","duration":0.3669000000008964,"failureMessages":[],"meta":{}},{"ancestorTitles":["RothOptimizer"],"fullName":"RothOptimizer should handle small brackets input as percentages (e.g. 0.22 vs 22)","status":"passed","title":"should handle small brackets input as percentages (e.g. 0.22 vs 22)","duration":0.7301000000006752,"failureMessages":[],"meta":{}}],"startTime":1770012251853,"endTime":1770012251859.73,"status":"passed","message":"","name":"Z:/RetirementCalc-BasedOfBoldin/tests/unit/RothOptimizer.test.js"},{"assertionResults":[{"ancestorTitles":["Seeded Monte Carlo Reproducibility"],"fullName":"Seeded Monte Carlo Reproducibility should produce identical results with the same seed","status":"passed","title":"should produce identical results with the same seed","duration":55.86230000000069,"failureMessages":[],"meta":{}},{"ancestorTitles":["Seeded Monte Carlo Reproducibility"],"fullName":"Seeded Monte Carlo Reproducibility should produce different results with different seeds","status":"passed","title":"should produce different results with different seeds","duration":39.21469999999681,"failureMessages":[],"meta":{}},{"ancestorTitles":["Seeded Monte Carlo Reproducibility"],"fullName":"Seeded Monte Carlo Reproducibility should produce random results when no seed is provided","status":"passed","title":"should produce random results when no seed is provided","duration":33.73950000000332,"failureMessages":[],"meta":{}},{"ancestorTitles":["Seeded Monte Carlo Reproducibility"],"fullName":"Seeded Monte Carlo Reproducibility should maintain statistical properties with seeded RNG","status":"passed","title":"should maintain statistical properties with seeded RNG","duration":80.57870000000548,"failureMessages":[],"meta":{}}],"startTime":1770012239366,"endTime":1770012239576.5786,"status":"passed","message":"","name":"Z:/RetirementCalc-BasedOfBoldin/tests/unit/SeededMonteCarlo.test.js"},{"assertionResults":[{"ancestorTitles":["SimulationEngine Data Integrity"],"fullName":"SimulationEngine Data Integrity should generate income, expense, and tax data for all scenarios","status":"passed","title":"should generate income, expense, and tax data for all scenarios","duration":7.933199999999488,"failureMessages":[],"meta":{}},{"ancestorTitles":["SimulationEngine Data Integrity"],"fullName":"SimulationEngine Data Integrity should have consistent year counts across all data structures","status":"passed","title":"should have consistent year counts across all data structures","duration":3.990799999999581,"failureMessages":[],"meta":{}},{"ancestorTitles":["SimulationEngine Data Integrity"],"fullName":"SimulationEngine Data Integrity should correctly populate Drawdown and RMD data","status":"passed","title":"should correctly populate Drawdown and RMD data","duration":4.494900000001508,"failureMessages":[],"meta":{}}],"startTime":1770012252192,"endTime":1770012252208.4949,"status":"passed","message":"","name":"Z:/RetirementCalc-BasedOfBoldin/tests/unit/simulation.test.js"},{"assertionResults":[{"ancestorTitles":["SimulationEngine"],"fullName":"SimulationEngine should project a basic net worth growth","status":"passed","title":"should project a basic net worth growth","duration":4.457500000000437,"failureMessages":[],"meta":{}},{"ancestorTitles":["SimulationEngine"],"fullName":"SimulationEngine should handle home sale proceeds","status":"passed","title":"should handle home sale proceeds","duration":0.8654999999998836,"failureMessages":[],"meta":{}},{"ancestorTitles":["SimulationEngine"],"fullName":"SimulationEngine should respect withdrawal strategies","status":"passed","title":"should respect withdrawal strategies","duration":1.0536000000010972,"failureMessages":[],"meta":{}},{"ancestorTitles":["SimulationEngine"],"fullName":"SimulationEngine should apply staged spending multipliers","status":"passed","title":"should apply staged spending multipliers","duration":1.3315000000002328,"failureMessages":[],"meta":{}}],"startTime":1770012252209,"endTime":1770012252216.3315,"status":"passed","message":"","name":"Z:/RetirementCalc-BasedOfBoldin/tests/unit/SimulationEngine.test.js"},{"assertionResults":[{"ancestorTitles":["Surplus / Gap Logic"],"fullName":"Surplus / Gap Logic should calculate valid surplus/gap values","status":"passed","title":"should calculate valid surplus/gap values","duration":26.10160000000178,"failureMessages":[],"meta":{}},{"ancestorTitles":["Surplus / Gap Logic"],"fullName":"Surplus / Gap Logic should include drawdown in total income for funded status","status":"passed","title":"should include drawdown in total income for funded status","duration":5.888200000001234,"failureMessages":[],"meta":{}}],"startTime":1770012239554,"endTime":1770012239585.8882,"status":"passed","message":"","name":"Z:/RetirementCalc-BasedOfBoldin/tests/unit/SurplusGap.test.js"},{"assertionResults":[{"ancestorTitles":["TaxCalculator"],"fullName":"TaxCalculator should have tax brackets defined","status":"passed","title":"should have tax brackets defined","duration":1.6213999999999942,"failureMessages":[],"meta":{}},{"ancestorTitles":["TaxCalculator"],"fullName":"TaxCalculator should calculate federal tax for single filer (low income)","status":"passed","title":"should calculate federal tax for single filer (low income)","duration":0.8927000000003318,"failureMessages":[],"meta":{}},{"ancestorTitles":["TaxCalculator"],"fullName":"TaxCalculator should calculate federal tax for married filer (high income)","status":"passed","title":"should calculate federal tax for married filer (high income)","duration":0.4364999999997963,"failureMessages":[],"meta":{}},{"ancestorTitles":["TaxCalculator"],"fullName":"TaxCalculator should calculate breakdown for HoH filing status","status":"passed","title":"should calculate breakdown for HoH filing status","duration":0.8271999999997206,"failureMessages":[],"meta":{}},{"ancestorTitles":["TaxCalculator"],"fullName":"TaxCalculator should calculate state tax for CA","status":"passed","title":"should calculate state tax for CA","duration":0.45389999999861175,"failureMessages":[],"meta":{}},{"ancestorTitles":["TaxCalculator"],"fullName":"TaxCalculator should not charge FICA for non-earned income","status":"passed","title":"should not charge FICA for non-earned income","duration":0.8026000000008935,"failureMessages":[],"meta":{}},{"ancestorTitles":["TaxCalculator"],"fullName":"TaxCalculator should handle zero income correctly","status":"passed","title":"should handle zero income correctly","duration":0.6114000000015949,"failureMessages":[],"meta":{}}],"startTime":1770012252209,"endTime":1770012252214.6113,"status":"passed","message":"","name":"Z:/RetirementCalc-BasedOfBoldin/tests/unit/TaxCalculator.test.js"},{"assertionResults":[{"ancestorTitles":["Text Validation Scan"],"fullName":"Text Validation Scan should not contain erroneous text in ROTH_CONVERSION_ISSUES.md","status":"passed","title":"should not contain erroneous text in ROTH_CONVERSION_ISSUES.md","duration":18.05349999999453,"failureMessages":[],"meta":{}},{"ancestorTitles":["Text Validation Scan"],"fullName":"Text Validation Scan should not contain erroneous text in ROTH_CRITICAL_FIXES.md","status":"passed","title":"should not contain erroneous text in ROTH_CRITICAL_FIXES.md","duration":17.512799999996787,"failureMessages":[],"meta":{}},{"ancestorTitles":["Text Validation Scan"],"fullName":"Text Validation Scan should not contain erroneous text in ROTH_IMPLEMENTATION_COMPLETE.md","status":"passed","title":"should not contain erroneous text in ROTH_IMPLEMENTATION_COMPLETE.md","duration":21.922999999995227,"failureMessages":[],"meta":{}},{"ancestorTitles":["Text Validation Scan"],"fullName":"Text Validation Scan should not contain erroneous text in PROJECT_OVERVIEW.md","status":"passed","title":"should not contain erroneous text in PROJECT_OVERVIEW.md","duration":10.200400000001537,"failureMessages":[],"meta":{}},{"ancestorTitles":["Text Validation Scan"],"fullName":"Text Validation Scan should not contain erroneous text in AUDIT_REPORT_2026-02-01.md","status":"passed","title":"should not contain erroneous text in AUDIT_REPORT_2026-02-01.md","duration":14.151499999999942,"failureMessages":[],"meta":{}},{"ancestorTitles":["Text Validation Scan"],"fullName":"Text Validation Scan should not contain erroneous text in IMPLEMENTATION_PLAN_2026-02-01.md","status":"passed","title":"should not contain erroneous text in IMPLEMENTATION_PLAN_2026-02-01.md","duration":19.200000000004366,"failureMessages":[],"meta":{}},{"ancestorTitles":["Text Validation Scan"],"fullName":"Text Validation Scan should not contain erroneous text in DOCUMENTATION_RULES.md","status":"passed","title":"should not contain erroneous text in DOCUMENTATION_RULES.md","duration":24.295500000000175,"failureMessages":[],"meta":{}},{"ancestorTitles":["Text Validation Scan"],"fullName":"Text Validation Scan should not contain erroneous text in ROTH_OPTIMIZER_SUMMARY.md","status":"passed","title":"should not contain erroneous text in ROTH_OPTIMIZER_SUMMARY.md","duration":12.493399999999383,"failureMessages":[],"meta":{}},{"ancestorTitles":["Text Validation Scan"],"fullName":"Text Validation Scan should not contain erroneous text in Architecture.md","status":"passed","title":"should not contain erroneous text in Architecture.md","duration":5.84429999999702,"failureMessages":[],"meta":{}},{"ancestorTitles":["Text Validation Scan"],"fullName":"Text Validation Scan should not contain erroneous text in BOLDIN_GAP_ANALYSIS.md","status":"passed","title":"should not contain erroneous text in BOLDIN_GAP_ANALYSIS.md","duration":8.250699999996868,"failureMessages":[],"meta":{}},{"ancestorTitles":["Text Validation Scan"],"fullName":"Text Validation Scan should not contain erroneous text in Coding_Standards.md","status":"passed","title":"should not contain erroneous text in Coding_Standards.md","duration":10.550499999997555,"failureMessages":[],"meta":{}},{"ancestorTitles":["Text Validation Scan"],"fullName":"Text Validation Scan should not contain erroneous text in PROJECT_STATUS_SUMMARY.md","status":"passed","title":"should not contain erroneous text in PROJECT_STATUS_SUMMARY.md","duration":10.841099999997823,"failureMessages":[],"meta":{}},{"ancestorTitles":["Text Validation Scan"],"fullName":"Text Validation Scan should not contain erroneous text in ROTH_OPTIMIZER.md","status":"passed","title":"should not contain erroneous text in ROTH_OPTIMIZER.md","duration":19.144599999999627,"failureMessages":[],"meta":{}},{"ancestorTitles":["Text Validation Scan"],"fullName":"Text Validation Scan should not contain erroneous text in ROTH_OPTIMIZER_IMPLEMENTATION.md","status":"passed","title":"should not contain erroneous text in ROTH_OPTIMIZER_IMPLEMENTATION.md","duration":18.398199999995995,"failureMessages":[],"meta":{}},{"ancestorTitles":["Text Validation Scan"],"fullName":"Text Validation Scan should not contain erroneous text in TEST_GUIDE.md","status":"passed","title":"should not contain erroneous text in TEST_GUIDE.md","duration":6.656200000004901,"failureMessages":[],"meta":{}},{"ancestorTitles":["Text Validation Scan"],"fullName":"Text Validation Scan should not contain erroneous text in TEST_RESULTS.md","status":"passed","title":"should not contain erroneous text in TEST_RESULTS.md","duration":9.17960000000312,"failureMessages":[],"meta":{}},{"ancestorTitles":["Text Validation Scan"],"fullName":"Text Validation Scan should not contain erroneous text in eslint.config.js","status":"passed","title":"should not contain erroneous text in eslint.config.js","duration":12.928800000001502,"failureMessages":[],"meta":{}},{"ancestorTitles":["Text Validation Scan"],"fullName":"Text Validation Scan should not contain erroneous text in index.html","status":"passed","title":"should not contain erroneous text in index.html","duration":0.8965000000025611,"failureMessages":[],"meta":{}},{"ancestorTitles":["Text Validation Scan"],"fullName":"Text Validation Scan should not contain erroneous text in ISSUES.md","status":"passed","title":"should not contain erroneous text in ISSUES.md","duration":20.243399999999383,"failureMessages":[],"meta":{}},{"ancestorTitles":["Text Validation Scan"],"fullName":"Text Validation Scan should not contain erroneous text in PROJECT_STATUS.md","status":"passed","title":"should not contain erroneous text in PROJECT_STATUS.md","duration":23.134899999997288,"failureMessages":[],"meta":{}},{"ancestorTitles":["Text Validation Scan"],"fullName":"Text Validation Scan should not contain erroneous text in QUICKSTART.md","status":"passed","title":"should not contain erroneous text in QUICKSTART.md","duration":7.703799999995681,"failureMessages":[],"meta":{}},{"ancestorTitles":["Text Validation Scan"],"fullName":"Text Validation Scan should not contain erroneous text in README.md","status":"passed","title":"should not contain erroneous text in README.md","duration":10.214499999994587,"failureMessages":[],"meta":{}},{"ancestorTitles":["Text Validation Scan"],"fullName":"Text Validation Scan should not contain erroneous text in build.js","status":"passed","title":"should not contain erroneous text in build.js","duration":8.16250000000582,"failureMessages":[],"meta":{}},{"ancestorTitles":["Text Validation Scan"],"fullName":"Text Validation Scan should not contain erroneous text in split_index.js","status":"passed","title":"should not contain erroneous text in split_index.js","duration":9.75329999999667,"failureMessages":[],"meta":{}},{"ancestorTitles":["Text Validation Scan"],"fullName":"Text Validation Scan should not contain erroneous text in AccountCharts.js","status":"passed","title":"should not contain erroneous text in AccountCharts.js","duration":7.556599999996251,"failureMessages":[],"meta":{}},{"ancestorTitles":["Text Validation Scan"],"fullName":"Text Validation Scan should not contain erroneous text in AnalysisCharts.js","status":"passed","title":"should not contain erroneous text in AnalysisCharts.js","duration":7.085299999998824,"failureMessages":[],"meta":{}},{"ancestorTitles":["Text Validation Scan"],"fullName":"Text Validation Scan should not contain erroneous text in ChartHelpers.js","status":"passed","title":"should not contain erroneous text in ChartHelpers.js","duration":7.615799999999581,"failureMessages":[],"meta":{}},{"ancestorTitles":["Text Validation Scan"],"fullName":"Text Validation Scan should not contain erroneous text in ExplorerCharts.js","status":"passed","title":"should not contain erroneous text in ExplorerCharts.js","duration":12.286800000001676,"failureMessages":[],"meta":{}},{"ancestorTitles":["Text Validation Scan"],"fullName":"Text Validation Scan should not contain erroneous text in IncomeExpenseCharts.js","status":"passed","title":"should not contain erroneous text in IncomeExpenseCharts.js","duration":19.680599999999686,"failureMessages":[],"meta":{}},{"ancestorTitles":["Text Validation Scan"],"fullName":"Text Validation Scan should not contain erroneous text in SummaryCharts.js","status":"passed","title":"should not contain erroneous text in SummaryCharts.js","duration":11.260299999994459,"failureMessages":[],"meta":{}},{"ancestorTitles":["Text Validation Scan"],"fullName":"Text Validation Scan should not contain erroneous text in TaxCharts.js","status":"passed","title":"should not contain erroneous text in TaxCharts.js","duration":10.548099999999977,"failureMessages":[],"meta":{}},{"ancestorTitles":["Text Validation Scan"],"fullName":"Text Validation Scan should not contain erroneous text in Config.js","status":"passed","title":"should not contain erroneous text in Config.js","duration":0.8965000000025611,"failureMessages":[],"meta":{}},{"ancestorTitles":["Text Validation Scan"],"fullName":"Text Validation Scan should not contain erroneous text in Constants.js","status":"passed","title":"should not contain erroneous text in Constants.js","duration":8.975899999997637,"failureMessages":[],"meta":{}},{"ancestorTitles":["Text Validation Scan"],"fullName":"Text Validation Scan should not contain erroneous text in HistoricalData.js","status":"passed","title":"should not contain erroneous text in HistoricalData.js","duration":11.883199999996577,"failureMessages":[],"meta":{}},{"ancestorTitles":["Text Validation Scan"],"fullName":"Text Validation Scan should not contain erroneous text in Store.js","status":"passed","title":"should not contain erroneous text in Store.js","duration":1.0748999999996158,"failureMessages":[],"meta":{}},{"ancestorTitles":["Text Validation Scan"],"fullName":"Text Validation Scan should not contain erroneous text in SimulationEngine.js","status":"passed","title":"should not contain erroneous text in SimulationEngine.js","duration":1.0201999999990221,"failureMessages":[],"meta":{}},{"ancestorTitles":["Text Validation Scan"],"fullName":"Text Validation Scan should not contain erroneous text in TaxCalculator.js","status":"passed","title":"should not contain erroneous text in TaxCalculator.js","duration":0.885999999998603,"failureMessages":[],"meta":{}},{"ancestorTitles":["Text Validation Scan"],"fullName":"Text Validation Scan should not contain erroneous text in main.js","status":"passed","title":"should not contain erroneous text in main.js","duration":20.464999999996508,"failureMessages":[],"meta":{}},{"ancestorTitles":["Text Validation Scan"],"fullName":"Text Validation Scan should not contain erroneous text in data-tables.html","status":"passed","title":"should not contain erroneous text in data-tables.html","duration":17.53580000000511,"failureMessages":[],"meta":{}},{"ancestorTitles":["Text Validation Scan"],"fullName":"Text Validation Scan should not contain erroneous text in expense-tax-charts.html","status":"passed","title":"should not contain erroneous text in expense-tax-charts.html","duration":13.726799999996729,"failureMessages":[],"meta":{}},{"ancestorTitles":["Text Validation Scan"],"fullName":"Text Validation Scan should not contain erroneous text in explorers.html","status":"passed","title":"should not contain erroneous text in explorers.html","duration":5.423299999994924,"failureMessages":[],"meta":{}},{"ancestorTitles":["Text Validation Scan"],"fullName":"Text Validation Scan should not contain erroneous text in gap-calculator.html","status":"passed","title":"should not contain erroneous text in gap-calculator.html","duration":6.145100000001548,"failureMessages":[],"meta":{}},{"ancestorTitles":["Text Validation Scan"],"fullName":"Text Validation Scan should not contain erroneous text in goals.html","status":"passed","title":"should not contain erroneous text in goals.html","duration":4.647499999999127,"failureMessages":[],"meta":{}},{"ancestorTitles":["Text Validation Scan"],"fullName":"Text Validation Scan should not contain erroneous text in income-charts.html","status":"passed","title":"should not contain erroneous text in income-charts.html","duration":6.219499999999243,"failureMessages":[],"meta":{}},{"ancestorTitles":["Text Validation Scan"],"fullName":"Text Validation Scan should not contain erroneous text in milestones.html","status":"passed","title":"should not contain erroneous text in milestones.html","duration":5.571799999997893,"failureMessages":[],"meta":{}},{"ancestorTitles":["Text Validation Scan"],"fullName":"Text Validation Scan should not contain erroneous text in montecarlo-analysis.html","status":"passed","title":"should not contain erroneous text in montecarlo-analysis.html","duration":11.654999999998836,"failureMessages":[],"meta":{}},{"ancestorTitles":["Text Validation Scan"],"fullName":"Text Validation Scan should not contain erroneous text in networth-charts.html","status":"passed","title":"should not contain erroneous text in networth-charts.html","duration":5.630900000003749,"failureMessages":[],"meta":{}},{"ancestorTitles":["Text Validation Scan"],"fullName":"Text Validation Scan should not contain erroneous text in roth.html","status":"passed","title":"should not contain erroneous text in roth.html","duration":29.82510000000184,"failureMessages":[],"meta":{}},{"ancestorTitles":["Text Validation Scan"],"fullName":"Text Validation Scan should not contain erroneous text in sequence-risk.html","status":"passed","title":"should not contain erroneous text in sequence-risk.html","duration":9.650300000001153,"failureMessages":[],"meta":{}},{"ancestorTitles":["Text Validation Scan"],"fullName":"Text Validation Scan should not contain erroneous text in social-security.html","status":"passed","title":"should not contain erroneous text in social-security.html","duration":11.465800000005402,"failureMessages":[],"meta":{}},{"ancestorTitles":["Text Validation Scan"],"fullName":"Text Validation Scan should not contain erroneous text in stress-test.html","status":"passed","title":"should not contain erroneous text in stress-test.html","duration":7.617500000000291,"failureMessages":[],"meta":{}},{"ancestorTitles":["Text Validation Scan"],"fullName":"Text Validation Scan should not contain erroneous text in taxes.html","status":"passed","title":"should not contain erroneous text in taxes.html","duration":8.301999999996042,"failureMessages":[],"meta":{}},{"ancestorTitles":["Text Validation Scan"],"fullName":"Text Validation Scan should not contain erroneous text in withdrawal-strategy-charts.html","status":"passed","title":"should not contain erroneous text in withdrawal-strategy-charts.html","duration":7.785100000000966,"failureMessages":[],"meta":{}},{"ancestorTitles":["Text Validation Scan"],"fullName":"Text Validation Scan should not contain erroneous text in year-explorer.html","status":"passed","title":"should not contain erroneous text in year-explorer.html","duration":8.475399999995716,"failureMessages":[],"meta":{}},{"ancestorTitles":["Text Validation Scan"],"fullName":"Text Validation Scan should not contain erroneous text in charts-grid.html","status":"passed","title":"should not contain erroneous text in charts-grid.html","duration":0.7677000000039698,"failureMessages":[],"meta":{}},{"ancestorTitles":["Text Validation Scan"],"fullName":"Text Validation Scan should not contain erroneous text in comprehensive-metrics.html","status":"passed","title":"should not contain erroneous text in comprehensive-metrics.html","duration":0.7693999999974039,"failureMessages":[],"meta":{}},{"ancestorTitles":["Text Validation Scan"],"fullName":"Text Validation Scan should not contain erroneous text in dashboard-metrics.html","status":"passed","title":"should not contain erroneous text in dashboard-metrics.html","duration":1.040899999999965,"failureMessages":[],"meta":{}},{"ancestorTitles":["Text Validation Scan"],"fullName":"Text Validation Scan should not contain erroneous text in footer.html","status":"passed","title":"should not contain erroneous text in footer.html","duration":0.7030000000013388,"failureMessages":[],"meta":{}},{"ancestorTitles":["Text Validation Scan"],"fullName":"Text Validation Scan should not contain erroneous text in header.html","status":"passed","title":"should not contain erroneous text in header.html","duration":0.7292000000015832,"failureMessages":[],"meta":{}},{"ancestorTitles":["Text Validation Scan"],"fullName":"Text Validation Scan should not contain erroneous text in roth-deep-dive.html","status":"passed","title":"should not contain erroneous text in roth-deep-dive.html","duration":12.094800000006217,"failureMessages":[],"meta":{}},{"ancestorTitles":["Text Validation Scan"],"fullName":"Text Validation Scan should not contain erroneous text in settings-and-modals.html","status":"passed","title":"should not contain erroneous text in settings-and-modals.html","duration":1.078799999995681,"failureMessages":[],"meta":{}},{"ancestorTitles":["Text Validation Scan"],"fullName":"Text Validation Scan should not contain erroneous text in sidebar.html","status":"passed","title":"should not contain erroneous text in sidebar.html","duration":0.6438000000052853,"failureMessages":[],"meta":{}},{"ancestorTitles":["Text Validation Scan"],"fullName":"Text Validation Scan should not contain erroneous text in README.md","status":"passed","title":"should not contain erroneous text in README.md","duration":7.647900000003574,"failureMessages":[],"meta":{}},{"ancestorTitles":["Text Validation Scan"],"fullName":"Text Validation Scan should not contain erroneous text in RothCalculator.js","status":"passed","title":"should not contain erroneous text in RothCalculator.js","duration":0.7805000000007567,"failureMessages":[],"meta":{}},{"ancestorTitles":["Text Validation Scan"],"fullName":"Text Validation Scan should not contain erroneous text in RothConfig.js","status":"passed","title":"should not contain erroneous text in RothConfig.js","duration":0.6451999999990221,"failureMessages":[],"meta":{}},{"ancestorTitles":["Text Validation Scan"],"fullName":"Text Validation Scan should not contain erroneous text in RothDeepDive.js","status":"passed","title":"should not contain erroneous text in RothDeepDive.js","duration":17.142899999998917,"failureMessages":[],"meta":{}},{"ancestorTitles":["Text Validation Scan"],"fullName":"Text Validation Scan should not contain erroneous text in RothMetricsCalculator.js","status":"passed","title":"should not contain erroneous text in RothMetricsCalculator.js","duration":8.131900000000314,"failureMessages":[],"meta":{}},{"ancestorTitles":["Text Validation Scan"],"fullName":"Text Validation Scan should not contain erroneous text in RothOptimizer.js","status":"passed","title":"should not contain erroneous text in RothOptimizer.js","duration":22.597600000000966,"failureMessages":[],"meta":{}},{"ancestorTitles":["Text Validation Scan"],"fullName":"Text Validation Scan should not contain erroneous text in RothUI.js","status":"passed","title":"should not contain erroneous text in RothUI.js","duration":17.64159999999538,"failureMessages":[],"meta":{}},{"ancestorTitles":["Text Validation Scan"],"fullName":"Text Validation Scan should not contain erroneous text in ChartStore.js","status":"passed","title":"should not contain erroneous text in ChartStore.js","duration":12.79939999999624,"failureMessages":[],"meta":{}},{"ancestorTitles":["Text Validation Scan"],"fullName":"Text Validation Scan should not contain erroneous text in DataUtils.js","status":"passed","title":"should not contain erroneous text in DataUtils.js","duration":0.78519999999844,"failureMessages":[],"meta":{}},{"ancestorTitles":["Text Validation Scan"],"fullName":"Text Validation Scan should not contain erroneous text in CryptoHandler.js","status":"passed","title":"should not contain erroneous text in CryptoHandler.js","duration":8.864600000000792,"failureMessages":[],"meta":{}},{"ancestorTitles":["Text Validation Scan"],"fullName":"Text Validation Scan should not contain erroneous text in DashboardDetails.js","status":"passed","title":"should not contain erroneous text in DashboardDetails.js","duration":13.676800000001094,"failureMessages":[],"meta":{}},{"ancestorTitles":["Text Validation Scan"],"fullName":"Text Validation Scan should not contain erroneous text in EventsHandler.js","status":"passed","title":"should not contain erroneous text in EventsHandler.js","duration":8.154099999999744,"failureMessages":[],"meta":{}},{"ancestorTitles":["Text Validation Scan"],"fullName":"Text Validation Scan should not contain erroneous text in ExplorerHandler.js","status":"passed","title":"should not contain erroneous text in ExplorerHandler.js","duration":20.61130000000412,"failureMessages":[],"meta":{}},{"ancestorTitles":["Text Validation Scan"],"fullName":"Text Validation Scan should not contain erroneous text in ExportHandler.js","status":"passed","title":"should not contain erroneous text in ExportHandler.js","duration":11.95509999999922,"failureMessages":[],"meta":{}},{"ancestorTitles":["Text Validation Scan"],"fullName":"Text Validation Scan should not contain erroneous text in GapCalculator.js","status":"passed","title":"should not contain erroneous text in GapCalculator.js","duration":10.95230000000447,"failureMessages":[],"meta":{}},{"ancestorTitles":["Text Validation Scan"],"fullName":"Text Validation Scan should not contain erroneous text in MetricsHandler.js","status":"passed","title":"should not contain erroneous text in MetricsHandler.js","duration":5.870900000001711,"failureMessages":[],"meta":{}},{"ancestorTitles":["Text Validation Scan"],"fullName":"Text Validation Scan should not contain erroneous text in ModalHandler.js","status":"passed","title":"should not contain erroneous text in ModalHandler.js","duration":7.532200000001467,"failureMessages":[],"meta":{}},{"ancestorTitles":["Text Validation Scan"],"fullName":"Text Validation Scan should not contain erroneous text in NavigationHandler.js","status":"passed","title":"should not contain erroneous text in NavigationHandler.js","duration":7.273800000002666,"failureMessages":[],"meta":{}},{"ancestorTitles":["Text Validation Scan"],"fullName":"Text Validation Scan should not contain erroneous text in SettingsHandler.js","status":"passed","title":"should not contain erroneous text in SettingsHandler.js","duration":15.479899999998452,"failureMessages":[],"meta":{}},{"ancestorTitles":["Text Validation Scan"],"fullName":"Text Validation Scan should not contain erroneous text in comprehensiveDescriptions.js","status":"passed","title":"should not contain erroneous text in comprehensiveDescriptions.js","duration":18.480100000000675,"failureMessages":[],"meta":{}},{"ancestorTitles":["Text Validation Scan"],"fullName":"Text Validation Scan should not contain erroneous text in DeepMerge.js","status":"passed","title":"should not contain erroneous text in DeepMerge.js","duration":7.495400000007066,"failureMessages":[],"meta":{}},{"ancestorTitles":["Text Validation Scan"],"fullName":"Text Validation Scan should not contain erroneous text in explorerSections.js","status":"passed","title":"should not contain erroneous text in explorerSections.js","duration":13.14929999999731,"failureMessages":[],"meta":{}},{"ancestorTitles":["Text Validation Scan"],"fullName":"Text Validation Scan should not contain erroneous text in Formatters.js","status":"passed","title":"should not contain erroneous text in Formatters.js","duration":0.7093000000022585,"failureMessages":[],"meta":{}},{"ancestorTitles":["Text Validation Scan"],"fullName":"Text Validation Scan should not contain erroneous text in SocialSecurityCalculator.js","status":"passed","title":"should not contain erroneous text in SocialSecurityCalculator.js","duration":8.771399999997811,"failureMessages":[],"meta":{}},{"ancestorTitles":["Text Validation Scan"],"fullName":"Text Validation Scan should not contain erroneous text in tooltipConfig.js","status":"passed","title":"should not contain erroneous text in tooltipConfig.js","duration":14.301399999996647,"failureMessages":[],"meta":{}},{"ancestorTitles":["Text Validation Scan"],"fullName":"Text Validation Scan should not contain erroneous text in TASKS.md","status":"passed","title":"should not contain erroneous text in TASKS.md","duration":29.826499999995576,"failureMessages":[],"meta":{}},{"ancestorTitles":["Text Validation Scan"],"fullName":"Text Validation Scan should not contain erroneous text in test.html","status":"passed","title":"should not contain erroneous text in test.html","duration":8.347600000000966,"failureMessages":[],"meta":{}},{"ancestorTitles":["Text Validation Scan"],"fullName":"Text Validation Scan should not contain erroneous text in calculation_tests.js","status":"passed","title":"should not contain erroneous text in calculation_tests.js","duration":11.282899999998335,"failureMessages":[],"meta":{}},{"ancestorTitles":["Text Validation Scan"],"fullName":"Text Validation Scan should not contain erroneous text in chart_tests.html","status":"passed","title":"should not contain erroneous text in chart_tests.html","duration":16.080300000001444,"failureMessages":[],"meta":{}},{"ancestorTitles":["Text Validation Scan"],"fullName":"Text Validation Scan should not contain erroneous text in data-utils.test.js","status":"passed","title":"should not contain erroneous text in data-utils.test.js","duration":9.745300000002317,"failureMessages":[],"meta":{}},{"ancestorTitles":["Text Validation Scan"],"fullName":"Text Validation Scan should not contain erroneous text in data_tests.html","status":"passed","title":"should not contain erroneous text in data_tests.html","duration":31.998899999998685,"failureMessages":[],"meta":{}},{"ancestorTitles":["Text Validation Scan"],"fullName":"Text Validation Scan should not contain erroneous text in comprehensive.test.js","status":"passed","title":"should not contain erroneous text in comprehensive.test.js","duration":19.33070000000589,"failureMessages":[],"meta":{}},{"ancestorTitles":["Text Validation Scan"],"fullName":"Text Validation Scan should not contain erroneous text in console_validation.test.js","status":"passed","title":"should not contain erroneous text in console_validation.test.js","duration":9.080000000001746,"failureMessages":[],"meta":{}},{"ancestorTitles":["Text Validation Scan"],"fullName":"Text Validation Scan should not contain erroneous text in descriptions-tooltips.test.js","status":"passed","title":"should not contain erroneous text in descriptions-tooltips.test.js","duration":14.503499999998894,"failureMessages":[],"meta":{}},{"ancestorTitles":["Text Validation Scan"],"fullName":"Text Validation Scan should not contain erroneous text in visual.test.js","status":"passed","title":"should not contain erroneous text in visual.test.js","duration":12.646099999998114,"failureMessages":[],"meta":{}},{"ancestorTitles":["Text Validation Scan"],"fullName":"Text Validation Scan should not contain erroneous text in e2e_tests.js","status":"passed","title":"should not contain erroneous text in e2e_tests.js","duration":12.091300000000047,"failureMessages":[],"meta":{}},{"ancestorTitles":["Text Validation Scan"],"fullName":"Text Validation Scan should not contain erroneous text in manual_verification.md","status":"passed","title":"should not contain erroneous text in manual_verification.md","duration":8.720599999993283,"failureMessages":[],"meta":{}},{"ancestorTitles":["Text Validation Scan"],"fullName":"Text Validation Scan should not contain erroneous text in README.md","status":"passed","title":"should not contain erroneous text in README.md","duration":11.698100000001432,"failureMessages":[],"meta":{}},{"ancestorTitles":["Text Validation Scan"],"fullName":"Text Validation Scan should not contain erroneous text in run_all_comprehensive.js","status":"passed","title":"should not contain erroneous text in run_all_comprehensive.js","duration":11.126300000003539,"failureMessages":[],"meta":{}},{"ancestorTitles":["Text Validation Scan"],"fullName":"Text Validation Scan should not contain erroneous text in run_e2e.js","status":"passed","title":"should not contain erroneous text in run_e2e.js","duration":10.66820000000007,"failureMessages":[],"meta":{}},{"ancestorTitles":["Text Validation Scan"],"fullName":"Text Validation Scan should not contain erroneous text in run_tests.js","status":"passed","title":"should not contain erroneous text in run_tests.js","duration":13.780500000000757,"failureMessages":[],"meta":{}},{"ancestorTitles":["Text Validation Scan"],"fullName":"Text Validation Scan should not contain erroneous text in simulation-engine.test.js","status":"passed","title":"should not contain erroneous text in simulation-engine.test.js","duration":5.7479999999995925,"failureMessages":[],"meta":{}},{"ancestorTitles":["Text Validation Scan"],"fullName":"Text Validation Scan should not contain erroneous text in simulation.test.js","status":"passed","title":"should not contain erroneous text in simulation.test.js","duration":7.594100000002072,"failureMessages":[],"meta":{}},{"ancestorTitles":["Text Validation Scan"],"fullName":"Text Validation Scan should not contain erroneous text in tax_engine_tests.js","status":"passed","title":"should not contain erroneous text in tax_engine_tests.js","duration":11.451799999995274,"failureMessages":[],"meta":{}},{"ancestorTitles":["Text Validation Scan"],"fullName":"Text Validation Scan should not contain erroneous text in test_runner.html","status":"passed","title":"should not contain erroneous text in test_runner.html","duration":19.64940000000206,"failureMessages":[],"meta":{}},{"ancestorTitles":["Text Validation Scan"],"fullName":"Text Validation Scan should not contain erroneous text in BaselineComparison.test.js","status":"passed","title":"should not contain erroneous text in BaselineComparison.test.js","duration":10.901099999995495,"failureMessages":[],"meta":{}},{"ancestorTitles":["Text Validation Scan"],"fullName":"Text Validation Scan should not contain erroneous text in build-validation.test.js","status":"passed","title":"should not contain erroneous text in build-validation.test.js","duration":0.6864000000059605,"failureMessages":[],"meta":{}},{"ancestorTitles":["Text Validation Scan"],"fullName":"Text Validation Scan should not contain erroneous text in chart-tooltips.test.js","status":"passed","title":"should not contain erroneous text in chart-tooltips.test.js","duration":6.624200000005658,"failureMessages":[],"meta":{}},{"ancestorTitles":["Text Validation Scan"],"fullName":"Text Validation Scan should not contain erroneous text in Consistency.test.js","status":"passed","title":"should not contain erroneous text in Consistency.test.js","duration":12.099800000003597,"failureMessages":[],"meta":{}},{"ancestorTitles":["Text Validation Scan"],"fullName":"Text Validation Scan should not contain erroneous text in Diagnostic.test.js","status":"passed","title":"should not contain erroneous text in Diagnostic.test.js","duration":0.6238999999986845,"failureMessages":[],"meta":{}},{"ancestorTitles":["Text Validation Scan"],"fullName":"Text Validation Scan should not contain erroneous text in EventsHandler.test.js","status":"passed","title":"should not contain erroneous text in EventsHandler.test.js","duration":6.1489999999976135,"failureMessages":[],"meta":{}},{"ancestorTitles":["Text Validation Scan"],"fullName":"Text Validation Scan should not contain erroneous text in ExplorerHandler.test.js","status":"passed","title":"should not contain erroneous text in ExplorerHandler.test.js","duration":6.084499999997206,"failureMessages":[],"meta":{}},{"ancestorTitles":["Text Validation Scan"],"fullName":"Text Validation Scan should not contain erroneous text in Formatters.test.js","status":"passed","title":"should not contain erroneous text in Formatters.test.js","duration":0.7040999999953783,"failureMessages":[],"meta":{}},{"ancestorTitles":["Text Validation Scan"],"fullName":"Text Validation Scan should not contain erroneous text in GapCalculator.test.js","status":"passed","title":"should not contain erroneous text in GapCalculator.test.js","duration":9.930500000002212,"failureMessages":[],"meta":{}},{"ancestorTitles":["Text Validation Scan"],"fullName":"Text Validation Scan should not contain erroneous text in HousingDownsize.test.js","status":"passed","title":"should not contain erroneous text in HousingDownsize.test.js","duration":9.050199999997858,"failureMessages":[],"meta":{}},{"ancestorTitles":["Text Validation Scan"],"fullName":"Text Validation Scan should not contain erroneous text in Integration.test.js","status":"passed","title":"should not contain erroneous text in Integration.test.js","duration":0.7634999999936554,"failureMessages":[],"meta":{}},{"ancestorTitles":["Text Validation Scan"],"fullName":"Text Validation Scan should not contain erroneous text in MonteCarlo.test.js","status":"passed","title":"should not contain erroneous text in MonteCarlo.test.js","duration":0.7399999999979627,"failureMessages":[],"meta":{}},{"ancestorTitles":["Text Validation Scan"],"fullName":"Text Validation Scan should not contain erroneous text in NaNDebug.test.js","status":"passed","title":"should not contain erroneous text in NaNDebug.test.js","duration":8.606099999997241,"failureMessages":[],"meta":{}},{"ancestorTitles":["Text Validation Scan"],"fullName":"Text Validation Scan should not contain erroneous text in NaNSafety.test.js","status":"passed","title":"should not contain erroneous text in NaNSafety.test.js","duration":10.25669999999809,"failureMessages":[],"meta":{}},{"ancestorTitles":["Text Validation Scan"],"fullName":"Text Validation Scan should not contain erroneous text in Performance.test.js","status":"passed","title":"should not contain erroneous text in Performance.test.js","duration":0.6696000000010827,"failureMessages":[],"meta":{}},{"ancestorTitles":["Text Validation Scan"],"fullName":"Text Validation Scan should not contain erroneous text in roth.test.js","status":"passed","title":"should not contain erroneous text in roth.test.js","duration":0.6780999999973574,"failureMessages":[],"meta":{}},{"ancestorTitles":["Text Validation Scan"],"fullName":"Text Validation Scan should not contain erroneous text in RothHoH.test.js","status":"passed","title":"should not contain erroneous text in RothHoH.test.js","duration":12.294499999996333,"failureMessages":[],"meta":{}},{"ancestorTitles":["Text Validation Scan"],"fullName":"Text Validation Scan should not contain erroneous text in RothOptimizer.test.js","status":"passed","title":"should not contain erroneous text in RothOptimizer.test.js","duration":8.532100000003993,"failureMessages":[],"meta":{}},{"ancestorTitles":["Text Validation Scan"],"fullName":"Text Validation Scan should not contain erroneous text in SeededMonteCarlo.test.js","status":"passed","title":"should not contain erroneous text in SeededMonteCarlo.test.js","duration":0.6981999999989057,"failureMessages":[],"meta":{}},{"ancestorTitles":["Text Validation Scan"],"fullName":"Text Validation Scan should not contain erroneous text in SettingsHandler.test.js","status":"passed","title":"should not contain erroneous text in SettingsHandler.test.js","duration":6.796199999997043,"failureMessages":[],"meta":{}},{"ancestorTitles":["Text Validation Scan"],"fullName":"Text Validation Scan should not contain erroneous text in simulation.test.js","status":"passed","title":"should not contain erroneous text in simulation.test.js","duration":11.43449999999575,"failureMessages":[],"meta":{}},{"ancestorTitles":["Text Validation Scan"],"fullName":"Text Validation Scan should not contain erroneous text in SimulationEngine.test.js","status":"passed","title":"should not contain erroneous text in SimulationEngine.test.js","duration":15.232700000000477,"failureMessages":[],"meta":{}},{"ancestorTitles":["Text Validation Scan"],"fullName":"Text Validation Scan should not contain erroneous text in SurplusGap.test.js","status":"passed","title":"should not contain erroneous text in SurplusGap.test.js","duration":0.7851000000009662,"failureMessages":[],"meta":{}},{"ancestorTitles":["Text Validation Scan"],"fullName":"Text Validation Scan should not contain erroneous text in TaxCalculator.test.js","status":"passed","title":"should not contain erroneous text in TaxCalculator.test.js","duration":7.405499999993481,"failureMessages":[],"meta":{}},{"ancestorTitles":["Text Validation Scan"],"fullName":"Text Validation Scan should not contain erroneous text in vite.config.js","status":"passed","title":"should not contain erroneous text in vite.config.js","duration":6.771699999997509,"failureMessages":[],"meta":{}},{"ancestorTitles":["Text Validation Scan"],"fullName":"Text Validation Scan should not contain erroneous text in vitest.config.js","status":"passed","title":"should not contain erroneous text in vitest.config.js","duration":5.454499999999825,"failureMessages":[],"meta":{}}],"startTime":1770012239953,"endTime":1770012241276.4546,"status":"passed","message":"","name":"Z:/RetirementCalc-BasedOfBoldin/tests/unit/text-validation.test.js"}]}